{"D:\\A_IIHT\\Multifile-Web Apps\\Java\\E-Commerce Java Full Stack\\Frontend-Angular - Base\\src\\app\\app.component.html": {"path":"D:\\A_IIHT\\Multifile-Web Apps\\Java\\E-Commerce Java Full Stack\\Frontend-Angular - Base\\src\\app\\app.component.html","statementMap":{"0":{"start":{"line":1,"column":0},"end":{"line":1,"column":104}}},"fnMap":{},"branchMap":{},"s":{"0":1},"f":{},"b":{},"_coverageSchema":"1a1c01bbd47fc00a2c39e90264f33305004495a9","hash":"dee1c39991530255cc40263bc9fad2c9d6d64e3d"}
,"D:\\A_IIHT\\Multifile-Web Apps\\Java\\E-Commerce Java Full Stack\\Frontend-Angular - Base\\src\\app\\app.component.ts": {"path":"D:\\A_IIHT\\Multifile-Web Apps\\Java\\E-Commerce Java Full Stack\\Frontend-Angular - Base\\src\\app\\app.component.ts","statementMap":{"0":{"start":{"line":1,"column":0},"end":{"line":1,"column":42}},"1":{"start":{"line":8,"column":7},"end":{"line":10,"column":null}},"2":{"start":{"line":9,"column":2},"end":{"line":9,"column":21}},"3":{"start":{"line":8,"column":13},"end":{"line":10,"column":null}},"4":{"start":{"line":8,"column":13},"end":{"line":8,"column":25}}},"fnMap":{"0":{"name":"(anonymous_0)","decl":{"start":{"line":8,"column":7},"end":{"line":8,"column":13}},"loc":{"start":{"line":8,"column":7},"end":{"line":10,"column":1}}}},"branchMap":{},"s":{"0":1,"1":1,"2":2,"3":1,"4":1},"f":{"0":2},"b":{}}
,"D:\\A_IIHT\\Multifile-Web Apps\\Java\\E-Commerce Java Full Stack\\Frontend-Angular - Base\\src\\app\\component\\product\\product.component.html": {"path":"D:\\A_IIHT\\Multifile-Web Apps\\Java\\E-Commerce Java Full Stack\\Frontend-Angular - Base\\src\\app\\component\\product\\product.component.html","statementMap":{"0":{"start":{"line":1,"column":0},"end":{"line":1,"column":5546}}},"fnMap":{},"branchMap":{},"s":{"0":1},"f":{},"b":{},"_coverageSchema":"1a1c01bbd47fc00a2c39e90264f33305004495a9","hash":"f789ed45fc02d7257c501236c00eb7a192d3b173"}
,"D:\\A_IIHT\\Multifile-Web Apps\\Java\\E-Commerce Java Full Stack\\Frontend-Angular - Base\\src\\app\\component\\product\\product.component.ts": {"path":"D:\\A_IIHT\\Multifile-Web Apps\\Java\\E-Commerce Java Full Stack\\Frontend-Angular - Base\\src\\app\\component\\product\\product.component.ts","statementMap":{"0":{"start":{"line":1,"column":0},"end":{"line":1,"column":50}},"1":{"start":{"line":2,"column":0},"end":{"line":2,"column":68}},"2":{"start":{"line":3,"column":0},"end":{"line":3,"column":63}},"3":{"start":{"line":28,"column":12},"end":{"line":28,"column":36}},"4":{"start":{"line":29,"column":12},"end":{"line":29,"column":42}},"5":{"start":{"line":32,"column":4},"end":{"line":32,"column":25}},"6":{"start":{"line":33,"column":4},"end":{"line":33,"column":25}},"7":{"start":{"line":34,"column":4},"end":{"line":34,"column":29}},"8":{"start":{"line":35,"column":4},"end":{"line":35,"column":28}},"9":{"start":{"line":39,"column":4},"end":{"line":45,"column":7}},"10":{"start":{"line":46,"column":4},"end":{"line":46,"column":23}},"11":{"start":{"line":47,"column":4},"end":{"line":47,"column":26}},"12":{"start":{"line":51,"column":4},"end":{"line":58,"column":6}},"13":{"start":{"line":53,"column":8},"end":{"line":53,"column":33}},"14":{"start":{"line":56,"column":8},"end":{"line":56,"column":39}},"15":{"start":{"line":73,"column":4},"end":{"line":73,"column":22}},"16":{"start":{"line":74,"column":4},"end":{"line":74,"column":26}},"17":{"start":{"line":75,"column":4},"end":{"line":77,"column":null}},"18":{"start":{"line":76,"column":6},"end":{"line":76,"column":13}},"19":{"start":{"line":79,"column":29},"end":{"line":82,"column":6}},"20":{"start":{"line":84,"column":4},"end":{"line":93,"column":6}},"21":{"start":{"line":86,"column":8},"end":{"line":86,"column":48}},"22":{"start":{"line":87,"column":8},"end":{"line":87,"column":33}},"23":{"start":{"line":88,"column":8},"end":{"line":88,"column":30}},"24":{"start":{"line":91,"column":8},"end":{"line":91,"column":39}},"25":{"start":{"line":98,"column":4},"end":{"line":98,"column":null}},"26":{"start":{"line":99,"column":4},"end":{"line":99,"column":24}},"27":{"start":{"line":100,"column":4},"end":{"line":100,"column":25}},"28":{"start":{"line":101,"column":4},"end":{"line":101,"column":54}},"29":{"start":{"line":102,"column":4},"end":{"line":102,"column":58}},"30":{"start":{"line":103,"column":4},"end":{"line":103,"column":60}},"31":{"start":{"line":104,"column":4},"end":{"line":104,"column":66}},"32":{"start":{"line":105,"column":4},"end":{"line":105,"column":60}},"33":{"start":{"line":131,"column":4},"end":{"line":140,"column":6}},"34":{"start":{"line":133,"column":8},"end":{"line":133,"column":52}},"35":{"start":{"line":134,"column":8},"end":{"line":134,"column":33}},"36":{"start":{"line":135,"column":8},"end":{"line":135,"column":30}},"37":{"start":{"line":138,"column":8},"end":{"line":138,"column":39}},"38":{"start":{"line":146,"column":4},"end":{"line":148,"column":null}},"39":{"start":{"line":147,"column":6},"end":{"line":147,"column":13}},"40":{"start":{"line":150,"column":4},"end":{"line":158,"column":6}},"41":{"start":{"line":152,"column":8},"end":{"line":152,"column":52}},"42":{"start":{"line":153,"column":8},"end":{"line":153,"column":30}},"43":{"start":{"line":156,"column":8},"end":{"line":156,"column":39}},"44":{"start":{"line":163,"column":15},"end":{"line":163,"column":30}},"45":{"start":{"line":164,"column":16},"end":{"line":164,"column":32}},"46":{"start":{"line":165,"column":19},"end":{"line":165,"column":38}},"47":{"start":{"line":166,"column":4},"end":{"line":174,"column":6}},"48":{"start":{"line":168,"column":8},"end":{"line":168,"column":36}},"49":{"start":{"line":172,"column":8},"end":{"line":172,"column":39}},"50":{"start":{"line":14,"column":13},"end":{"line":229,"column":null}},"51":{"start":{"line":14,"column":13},"end":{"line":14,"column":29}}},"fnMap":{"0":{"name":"(anonymous_0)","decl":{"start":{"line":27,"column":2},"end":{"line":27,"column":null}},"loc":{"start":{"line":29,"column":42},"end":{"line":36,"column":3}}},"1":{"name":"(anonymous_1)","decl":{"start":{"line":38,"column":2},"end":{"line":38,"column":10}},"loc":{"start":{"line":38,"column":10},"end":{"line":48,"column":3}}},"2":{"name":"(anonymous_2)","decl":{"start":{"line":50,"column":2},"end":{"line":50,"column":16}},"loc":{"start":{"line":50,"column":16},"end":{"line":59,"column":3}}},"3":{"name":"(anonymous_3)","decl":{"start":{"line":52,"column":6},"end":{"line":52,"column":7}},"loc":{"start":{"line":52,"column":30},"end":{"line":54,"column":7}}},"4":{"name":"(anonymous_4)","decl":{"start":{"line":55,"column":6},"end":{"line":55,"column":7}},"loc":{"start":{"line":55,"column":16},"end":{"line":57,"column":7}}},"5":{"name":"(anonymous_5)","decl":{"start":{"line":72,"column":2},"end":{"line":72,"column":12}},"loc":{"start":{"line":72,"column":12},"end":{"line":94,"column":3}}},"6":{"name":"(anonymous_6)","decl":{"start":{"line":85,"column":6},"end":{"line":85,"column":7}},"loc":{"start":{"line":85,"column":30},"end":{"line":89,"column":7}}},"7":{"name":"(anonymous_7)","decl":{"start":{"line":90,"column":6},"end":{"line":90,"column":7}},"loc":{"start":{"line":90,"column":16},"end":{"line":92,"column":7}}},"8":{"name":"(anonymous_8)","decl":{"start":{"line":97,"column":2},"end":{"line":97,"column":6}},"loc":{"start":{"line":97,"column":15},"end":{"line":107,"column":4}}},"9":{"name":"(anonymous_9)","decl":{"start":{"line":130,"column":2},"end":{"line":130,"column":15}},"loc":{"start":{"line":130,"column":32},"end":{"line":141,"column":3}}},"10":{"name":"(anonymous_10)","decl":{"start":{"line":132,"column":6},"end":{"line":132,"column":9}},"loc":{"start":{"line":132,"column":11},"end":{"line":136,"column":7}}},"11":{"name":"(anonymous_11)","decl":{"start":{"line":137,"column":6},"end":{"line":137,"column":7}},"loc":{"start":{"line":137,"column":16},"end":{"line":139,"column":7}}},"12":{"name":"(anonymous_12)","decl":{"start":{"line":145,"column":2},"end":{"line":145,"column":15}},"loc":{"start":{"line":145,"column":26},"end":{"line":159,"column":3}}},"13":{"name":"(anonymous_13)","decl":{"start":{"line":151,"column":6},"end":{"line":151,"column":9}},"loc":{"start":{"line":151,"column":11},"end":{"line":154,"column":7}}},"14":{"name":"(anonymous_14)","decl":{"start":{"line":155,"column":6},"end":{"line":155,"column":7}},"loc":{"start":{"line":155,"column":16},"end":{"line":157,"column":7}}},"15":{"name":"(anonymous_15)","decl":{"start":{"line":161,"column":2},"end":{"line":161,"column":16}},"loc":{"start":{"line":161,"column":16},"end":{"line":175,"column":3}}},"16":{"name":"(anonymous_16)","decl":{"start":{"line":167,"column":6},"end":{"line":167,"column":7}},"loc":{"start":{"line":167,"column":17},"end":{"line":170,"column":7}}},"17":{"name":"(anonymous_17)","decl":{"start":{"line":171,"column":6},"end":{"line":171,"column":7}},"loc":{"start":{"line":171,"column":16},"end":{"line":173,"column":7}}}},"branchMap":{"0":{"loc":{"start":{"line":75,"column":4},"end":{"line":77,"column":null}},"type":"if","locations":[{"start":{"line":75,"column":4},"end":{"line":77,"column":null}}]},"1":{"loc":{"start":{"line":146,"column":4},"end":{"line":148,"column":null}},"type":"if","locations":[{"start":{"line":146,"column":4},"end":{"line":148,"column":null}}]}},"s":{"0":1,"1":1,"2":1,"3":11,"4":11,"5":11,"6":11,"7":11,"8":11,"9":11,"10":11,"11":11,"12":11,"13":0,"14":0,"15":0,"16":0,"17":0,"18":0,"19":0,"20":0,"21":0,"22":0,"23":0,"24":0,"25":0,"26":0,"27":0,"28":0,"29":0,"30":0,"31":0,"32":0,"33":0,"34":0,"35":0,"36":0,"37":0,"38":0,"39":0,"40":0,"41":0,"42":0,"43":0,"44":0,"45":0,"46":0,"47":0,"48":0,"49":0,"50":1,"51":1},"f":{"0":11,"1":11,"2":11,"3":0,"4":0,"5":0,"6":0,"7":0,"8":0,"9":0,"10":0,"11":0,"12":0,"13":0,"14":0,"15":0,"16":0,"17":0},"b":{"0":[0],"1":[0]}}
,"D:\\A_IIHT\\Multifile-Web Apps\\Java\\E-Commerce Java Full Stack\\Frontend-Angular - Base\\src\\app\\model\\product.ts": {"path":"D:\\A_IIHT\\Multifile-Web Apps\\Java\\E-Commerce Java Full Stack\\Frontend-Angular - Base\\src\\app\\model\\product.ts","statementMap":{"0":{"start":{"line":1,"column":0},"end":{"line":1,"column":13}}},"fnMap":{},"branchMap":{},"s":{"0":1},"f":{},"b":{}}
,"D:\\A_IIHT\\Multifile-Web Apps\\Java\\E-Commerce Java Full Stack\\Frontend-Angular - Base\\src\\app\\service\\product.service.ts": {"path":"D:\\A_IIHT\\Multifile-Web Apps\\Java\\E-Commerce Java Full Stack\\Frontend-Angular - Base\\src\\app\\service\\product.service.ts","statementMap":{"0":{"start":{"line":1,"column":0},"end":{"line":1,"column":43}},"1":{"start":{"line":2,"column":0},"end":{"line":2,"column":75}},"2":{"start":{"line":12,"column":22},"end":{"line":12,"column":38}},"3":{"start":{"line":10,"column":10},"end":{"line":10,"column":67}},"4":{"start":{"line":15,"column":4},"end":{"line":15,"column":49}},"5":{"start":{"line":24,"column":4},"end":{"line":24,"column":57}},"6":{"start":{"line":29,"column":16},"end":{"line":29,"column":46}},"7":{"start":{"line":30,"column":4},"end":{"line":30,"column":45}},"8":{"start":{"line":33,"column":16},"end":{"line":33,"column":38}},"9":{"start":{"line":34,"column":4},"end":{"line":34,"column":39}},"10":{"start":{"line":57,"column":17},"end":{"line":57,"column":33}},"11":{"start":{"line":58,"column":4},"end":{"line":60,"column":null}},"12":{"start":{"line":59,"column":6},"end":{"line":59,"column":40}},"13":{"start":{"line":61,"column":4},"end":{"line":63,"column":null}},"14":{"start":{"line":62,"column":6},"end":{"line":62,"column":53}},"15":{"start":{"line":64,"column":4},"end":{"line":66,"column":null}},"16":{"start":{"line":65,"column":6},"end":{"line":65,"column":48}},"17":{"start":{"line":67,"column":4},"end":{"line":67,"column":61}},"18":{"start":{"line":9,"column":13},"end":{"line":111,"column":null}},"19":{"start":{"line":9,"column":13},"end":{"line":9,"column":27}}},"fnMap":{"0":{"name":"(anonymous_0)","decl":{"start":{"line":12,"column":2},"end":{"line":12,"column":22}},"loc":{"start":{"line":12,"column":38},"end":{"line":12,"column":43}}},"1":{"name":"(anonymous_1)","decl":{"start":{"line":14,"column":2},"end":{"line":14,"column":16}},"loc":{"start":{"line":14,"column":16},"end":{"line":16,"column":3}}},"2":{"name":"(anonymous_2)","decl":{"start":{"line":23,"column":2},"end":{"line":23,"column":12}},"loc":{"start":{"line":23,"column":29},"end":{"line":25,"column":3}}},"3":{"name":"(anonymous_3)","decl":{"start":{"line":27,"column":2},"end":{"line":27,"column":15}},"loc":{"start":{"line":27,"column":32},"end":{"line":31,"column":3}}},"4":{"name":"(anonymous_4)","decl":{"start":{"line":32,"column":2},"end":{"line":32,"column":15}},"loc":{"start":{"line":32,"column":26},"end":{"line":35,"column":3}}},"5":{"name":"(anonymous_5)","decl":{"start":{"line":56,"column":2},"end":{"line":56,"column":16}},"loc":{"start":{"line":56,"column":62},"end":{"line":69,"column":3}}}},"branchMap":{"0":{"loc":{"start":{"line":58,"column":4},"end":{"line":60,"column":null}},"type":"if","locations":[{"start":{"line":58,"column":4},"end":{"line":60,"column":null}}]},"1":{"loc":{"start":{"line":61,"column":4},"end":{"line":63,"column":null}},"type":"if","locations":[{"start":{"line":61,"column":4},"end":{"line":63,"column":null}}]},"2":{"loc":{"start":{"line":64,"column":4},"end":{"line":66,"column":null}},"type":"if","locations":[{"start":{"line":64,"column":4},"end":{"line":66,"column":null}}]}},"s":{"0":2,"1":2,"2":21,"3":21,"4":12,"5":1,"6":1,"7":1,"8":1,"9":1,"10":0,"11":0,"12":0,"13":0,"14":0,"15":0,"16":0,"17":0,"18":2,"19":2},"f":{"0":21,"1":12,"2":1,"3":1,"4":1,"5":0},"b":{"0":[0],"1":[0],"2":[0]}}
}
